2019-12-09 13:42:20 - Starting AppraisalcompanyApplication on wsticks with PID 14724 (C:\Users\williamsondrums\IdeaProjects\appraisalcompany\target\classes started by williamsondrums in C:\Users\williamsondrums\IdeaProjects\appraisalcompany)
2019-12-09 13:42:20 - No active profile set, falling back to default profiles: default
2019-12-09 13:42:20 - Refreshing org.springframework.boot.context.embedded.AnnotationConfigEmbeddedWebApplicationContext@190fc5b: startup date [Mon Dec 09 13:42:20 WAT 2019]; root of context hierarchy
2019-12-09 13:42:26 - JSR-330 'javax.inject.Inject' annotation found and supported for autowiring
2019-12-09 13:42:27 - Bean 'org.springframework.transaction.annotation.ProxyTransactionManagementConfiguration' of type [class org.springframework.transaction.annotation.ProxyTransactionManagementConfiguration$$EnhancerBySpringCGLIB$$b32403eb] is not eligible for getting processed by all BeanPostProcessors (for example: not eligible for auto-proxying)
2019-12-09 13:42:29 - Tomcat initialized with port(s): 8680 (http)
2019-12-09 13:42:29 - Starting service Tomcat
2019-12-09 13:42:29 - Starting Servlet Engine: Apache Tomcat/8.5.6
2019-12-09 13:42:30 - Initializing Spring embedded WebApplicationContext
2019-12-09 13:42:30 - Root WebApplicationContext: initialization completed in 9758 ms
2019-12-09 13:42:31 - Mapping filter: 'metricsFilter' to: [/*]
2019-12-09 13:42:31 - Mapping filter: 'characterEncodingFilter' to: [/*]
2019-12-09 13:42:31 - Mapping filter: 'hiddenHttpMethodFilter' to: [/*]
2019-12-09 13:42:31 - Mapping filter: 'httpPutFormContentFilter' to: [/*]
2019-12-09 13:42:31 - Mapping filter: 'requestContextFilter' to: [/*]
2019-12-09 13:42:31 - Mapping filter: 'springSecurityFilterChain' to: [/*]
2019-12-09 13:42:31 - Mapping filter: 'webRequestLoggingFilter' to: [/*]
2019-12-09 13:42:31 - Mapping filter: 'applicationContextIdFilter' to: [/*]
2019-12-09 13:42:31 - Mapping servlet: 'dispatcherServlet' to [/]
2019-12-09 13:42:33 - Building JPA container EntityManagerFactory for persistence unit 'default'
2019-12-09 13:42:41 - Initialized JPA EntityManagerFactory for persistence unit 'default'
2019-12-09 13:42:46 - 

Using default security password: e770c427-69f2-4ecf-8662-4a8b84ce6e73

2019-12-09 13:42:46 - Creating filter chain: OrRequestMatcher [requestMatchers=[Ant [pattern='/css/**'], Ant [pattern='/js/**'], Ant [pattern='/images/**'], Ant [pattern='/webjars/**'], Ant [pattern='/**/favicon.ico'], Ant [pattern='/error']]], []
2019-12-09 13:42:47 - Creating filter chain: org.springframework.security.web.util.matcher.AnyRequestMatcher@1, [org.springframework.security.web.context.request.async.WebAsyncManagerIntegrationFilter@1b44737, org.springframework.security.web.context.SecurityContextPersistenceFilter@44effb, org.springframework.security.web.header.HeaderWriterFilter@1ee2423, org.springframework.security.web.authentication.logout.LogoutFilter@cfac29, org.springframework.security.web.savedrequest.RequestCacheAwareFilter@1676900, org.springframework.security.web.servletapi.SecurityContextHolderAwareRequestFilter@ac0a56, org.springframework.security.web.authentication.AnonymousAuthenticationFilter@1295cb1, org.springframework.security.web.session.SessionManagementFilter@54c497, org.springframework.security.web.access.ExceptionTranslationFilter@120b6fe, org.springframework.security.web.access.intercept.FilterSecurityInterceptor@10439c3]
2019-12-09 13:42:47 - Creating filter chain: org.springframework.boot.actuate.autoconfigure.ManagementWebSecurityAutoConfiguration$LazyEndpointPathRequestMatcher@1b461b5, [org.springframework.security.web.context.request.async.WebAsyncManagerIntegrationFilter@79c5ec, org.springframework.security.web.context.SecurityContextPersistenceFilter@7cd0df, org.springframework.security.web.header.HeaderWriterFilter@1c3df43, org.springframework.security.web.authentication.logout.LogoutFilter@1caecda, org.springframework.security.web.authentication.www.BasicAuthenticationFilter@1d38df2, org.springframework.security.web.savedrequest.RequestCacheAwareFilter@100649e, org.springframework.security.web.servletapi.SecurityContextHolderAwareRequestFilter@b89b3a, org.springframework.security.web.authentication.AnonymousAuthenticationFilter@eaf9c1, org.springframework.security.web.session.SessionManagementFilter@1130002, org.springframework.security.web.access.ExceptionTranslationFilter@10f548a, org.springframework.security.web.access.intercept.FilterSecurityInterceptor@1b172e3]
2019-12-09 13:42:47 - Looking for @ControllerAdvice: org.springframework.boot.context.embedded.AnnotationConfigEmbeddedWebApplicationContext@190fc5b: startup date [Mon Dec 09 13:42:20 WAT 2019]; root of context hierarchy
2019-12-09 13:42:47 - Mapped "{[/department],methods=[POST],consumes=[application/json],produces=[application/json]}" onto public org.springframework.http.ResponseEntity<com.williams.appraisalcompany.model.Response.AppraisalApiResponse> com.williams.appraisalcompany.Controller.DepartmentController.createDepartment(java.lang.String,com.williams.appraisalcompany.model.Request.UpsertDepartmentRequest)
2019-12-09 13:42:47 - Mapped "{[/department],methods=[PUT],consumes=[application/json],produces=[application/json]}" onto public org.springframework.http.ResponseEntity<com.williams.appraisalcompany.model.Response.AppraisalApiResponse> com.williams.appraisalcompany.Controller.DepartmentController.updateDeparment(java.lang.String,com.williams.appraisalcompany.model.Request.UpsertDepartmentRequest)
2019-12-09 13:42:47 - Mapped "{[/department/{departmentKey}],methods=[GET],produces=[application/json]}" onto public org.springframework.http.ResponseEntity<com.williams.appraisalcompany.model.Response.AppraisalApiResponse> com.williams.appraisalcompany.Controller.DepartmentController.getDepartment(java.lang.String,java.lang.String)
2019-12-09 13:42:47 - Mapped "{[/department],methods=[GET],produces=[application/json]}" onto public org.springframework.http.ResponseEntity<com.williams.appraisalcompany.model.Response.AppraisalApiResponse> com.williams.appraisalcompany.Controller.DepartmentController.getAllDepartments(java.lang.String)
2019-12-09 13:42:47 - Mapped "{[/leave/{leaveKey}],methods=[GET],produces=[application/json]}" onto public org.springframework.http.ResponseEntity<com.williams.appraisalcompany.model.Response.AppraisalApiResponse> com.williams.appraisalcompany.Controller.LeaveController.getLeave(java.lang.String,java.lang.String)
2019-12-09 13:42:47 - Mapped "{[/leave],methods=[PUT],consumes=[application/json],produces=[application/json]}" onto public org.springframework.http.ResponseEntity<com.williams.appraisalcompany.model.Response.AppraisalApiResponse> com.williams.appraisalcompany.Controller.LeaveController.updateLeave(java.lang.String,com.williams.appraisalcompany.model.Request.UpsertLeaveRequest)
2019-12-09 13:42:47 - Mapped "{[/leave],methods=[POST],consumes=[application/json],produces=[application/json]}" onto public org.springframework.http.ResponseEntity<com.williams.appraisalcompany.model.Response.AppraisalApiResponse> com.williams.appraisalcompany.Controller.LeaveController.createLeave(java.lang.String,com.williams.appraisalcompany.model.Request.UpsertLeaveRequest)
2019-12-09 13:42:47 - Mapped "{[/leave],methods=[GET],produces=[application/json]}" onto public org.springframework.http.ResponseEntity<com.williams.appraisalcompany.model.Response.AppraisalApiResponse> com.williams.appraisalcompany.Controller.LeaveController.getAllLeave(java.lang.String)
2019-12-09 13:42:47 - Mapped "{[/loan/{loanKey}],methods=[GET],produces=[application/json]}" onto public org.springframework.http.ResponseEntity<com.williams.appraisalcompany.model.Response.AppraisalApiResponse> com.williams.appraisalcompany.Controller.LoanController.getLoan(java.lang.String,java.lang.String)
2019-12-09 13:42:47 - Mapped "{[/loan],methods=[PUT],consumes=[application/json],produces=[application/json]}" onto public org.springframework.http.ResponseEntity<com.williams.appraisalcompany.model.Response.AppraisalApiResponse> com.williams.appraisalcompany.Controller.LoanController.updateLoan(java.lang.String,com.williams.appraisalcompany.model.Request.UpsertLoanRequest)
2019-12-09 13:42:47 - Mapped "{[/loan],methods=[POST],consumes=[application/json],produces=[application/json]}" onto public org.springframework.http.ResponseEntity<com.williams.appraisalcompany.model.Response.AppraisalApiResponse> com.williams.appraisalcompany.Controller.LoanController.createLoan(java.lang.String,com.williams.appraisalcompany.model.Request.UpsertLoanRequest)
2019-12-09 13:42:47 - Mapped "{[/loan],methods=[GET],produces=[application/json]}" onto public org.springframework.http.ResponseEntity<com.williams.appraisalcompany.model.Response.AppraisalApiResponse> com.williams.appraisalcompany.Controller.LoanController.getAllLoan(java.lang.String)
2019-12-09 13:42:47 - Mapped "{[/staff/{staffKey}],methods=[GET],produces=[application/json]}" onto public org.springframework.http.ResponseEntity<com.williams.appraisalcompany.model.Response.AppraisalApiResponse> com.williams.appraisalcompany.Controller.RecruitmentController.getStaff(java.lang.String,java.lang.String)
2019-12-09 13:42:47 - Mapped "{[/staff],methods=[GET],produces=[application/json]}" onto public org.springframework.http.ResponseEntity<com.williams.appraisalcompany.model.Response.AppraisalApiResponse> com.williams.appraisalcompany.Controller.RecruitmentController.getAllStaff(java.lang.String,com.williams.appraisalcompany.model.Request.StaffSearchRequest)
2019-12-09 13:42:47 - Mapped "{[/staff],methods=[POST],consumes=[application/json],produces=[application/json]}" onto public org.springframework.http.ResponseEntity<com.williams.appraisalcompany.model.Response.AppraisalApiResponse> com.williams.appraisalcompany.Controller.RecruitmentController.createRecruitmentStaff(java.lang.String,com.williams.appraisalcompany.model.Request.UpsertStaffRequest)
2019-12-09 13:42:47 - Mapped "{[/staff],methods=[PUT],consumes=[application/json],produces=[application/json]}" onto public org.springframework.http.ResponseEntity<com.williams.appraisalcompany.model.Response.AppraisalApiResponse> com.williams.appraisalcompany.Controller.RecruitmentController.updateRecruitedStaff(java.lang.String,com.williams.appraisalcompany.model.Request.UpsertStaffRequest)
2019-12-09 13:42:47 - Mapped "{[/v1/users/{userKey}],methods=[PUT],produces=[application/json]}" onto public org.springframework.http.ResponseEntity<com.williams.appraisalcompany.model.Response.AppraisalApiResponse> com.williams.appraisalcompany.Controller.UserController.update(java.lang.String,com.williams.appraisalcompany.model.Request.UpsertUserRequest,java.lang.String)
2019-12-09 13:42:47 - Mapped "{[/v1/users/{userKey}],produces=[application/json]}" onto public org.springframework.http.ResponseEntity<com.williams.appraisalcompany.model.Response.AppraisalApiResponse> com.williams.appraisalcompany.Controller.UserController.getUserInfo(java.lang.String,java.lang.String)
2019-12-09 13:42:47 - Mapped "{[/v1/users],methods=[GET],produces=[application/json]}" onto public org.springframework.http.ResponseEntity<com.williams.appraisalcompany.model.Response.AppraisalApiResponse> com.williams.appraisalcompany.Controller.UserController.getUsers(java.lang.String,com.williams.appraisalcompany.model.Request.UserSearchRequest) throws com.williams.appraisalcompany.exception.AppraisalApiException
2019-12-09 13:42:47 - Mapped "{[/v1/users/logout],methods=[POST],produces=[application/json]}" onto public org.springframework.http.ResponseEntity<com.williams.appraisalcompany.model.Response.AppraisalApiResponse> com.williams.appraisalcompany.Controller.UserController.logout(java.lang.String)
2019-12-09 13:42:47 - Mapped "{[/v1/users/authenticate],methods=[POST],produces=[application/json]}" onto public org.springframework.http.ResponseEntity<com.williams.appraisalcompany.model.Response.AppraisalApiResponse> com.williams.appraisalcompany.Controller.UserController.authenticate(com.williams.appraisalcompany.model.Request.AuthenticateUserRequest,org.springframework.validation.BindingResult) throws com.williams.appraisalcompany.exception.AppraisalApiException
2019-12-09 13:42:47 - Mapped "{[/v1/users],methods=[POST],produces=[application/json]}" onto public org.springframework.http.ResponseEntity<com.williams.appraisalcompany.model.Response.AppraisalApiResponse> com.williams.appraisalcompany.Controller.UserController.toCreateUser(com.williams.appraisalcompany.model.Request.UpsertUserRequest,org.springframework.validation.BindingResult)
2019-12-09 13:42:47 - Mapped "{[/v1/users/passwordchange],methods=[POST],produces=[application/json]}" onto public org.springframework.http.ResponseEntity<com.williams.appraisalcompany.model.Response.AppraisalApiResponse> com.williams.appraisalcompany.Controller.UserController.changePassword(com.williams.appraisalcompany.model.Request.UpsertUserRequest,java.lang.String)
2019-12-09 13:42:47 - Mapped "{[/error]}" onto public org.springframework.http.ResponseEntity<java.util.Map<java.lang.String, java.lang.Object>> org.springframework.boot.autoconfigure.web.BasicErrorController.error(javax.servlet.http.HttpServletRequest)
2019-12-09 13:42:47 - Mapped "{[/error],produces=[text/html]}" onto public org.springframework.web.servlet.ModelAndView org.springframework.boot.autoconfigure.web.BasicErrorController.errorHtml(javax.servlet.http.HttpServletRequest,javax.servlet.http.HttpServletResponse)
2019-12-09 13:42:47 - Mapped URL path [/webjars/**] onto handler of type [class org.springframework.web.servlet.resource.ResourceHttpRequestHandler]
2019-12-09 13:42:47 - Mapped URL path [/**] onto handler of type [class org.springframework.web.servlet.resource.ResourceHttpRequestHandler]
2019-12-09 13:42:48 - Mapped URL path [/**/favicon.ico] onto handler of type [class org.springframework.web.servlet.resource.ResourceHttpRequestHandler]
2019-12-09 13:42:48 - Setting server pool to a list of 1 servers: [http://localhost:9200]
2019-12-09 13:42:48 - Using single thread/connection supporting basic connection manager
2019-12-09 13:42:49 - Using custom GSON instance
2019-12-09 13:42:49 - Node Discovery disabled...
2019-12-09 13:42:49 - Idle connection reaping disabled...
2019-12-09 13:42:50 - Mapped "{[/beans || /beans.json],methods=[GET],produces=[application/json]}" onto public java.lang.Object org.springframework.boot.actuate.endpoint.mvc.EndpointMvcAdapter.invoke()
2019-12-09 13:42:50 - Mapped "{[/mappings || /mappings.json],methods=[GET],produces=[application/json]}" onto public java.lang.Object org.springframework.boot.actuate.endpoint.mvc.EndpointMvcAdapter.invoke()
2019-12-09 13:42:50 - Mapped "{[/env/{name:.*}],methods=[GET],produces=[application/json]}" onto public java.lang.Object org.springframework.boot.actuate.endpoint.mvc.EnvironmentMvcEndpoint.value(java.lang.String)
2019-12-09 13:42:50 - Mapped "{[/env || /env.json],methods=[GET],produces=[application/json]}" onto public java.lang.Object org.springframework.boot.actuate.endpoint.mvc.EndpointMvcAdapter.invoke()
2019-12-09 13:42:50 - Mapped "{[/health || /health.json],produces=[application/json]}" onto public java.lang.Object org.springframework.boot.actuate.endpoint.mvc.HealthMvcEndpoint.invoke(java.security.Principal)
2019-12-09 13:42:50 - Mapped "{[/metrics/{name:.*}],methods=[GET],produces=[application/json]}" onto public java.lang.Object org.springframework.boot.actuate.endpoint.mvc.MetricsMvcEndpoint.value(java.lang.String)
2019-12-09 13:42:50 - Mapped "{[/metrics || /metrics.json],methods=[GET],produces=[application/json]}" onto public java.lang.Object org.springframework.boot.actuate.endpoint.mvc.EndpointMvcAdapter.invoke()
2019-12-09 13:42:50 - Mapped "{[/logfile || /logfile.json],methods=[GET || HEAD]}" onto public void org.springframework.boot.actuate.endpoint.mvc.LogFileMvcEndpoint.invoke(javax.servlet.http.HttpServletRequest,javax.servlet.http.HttpServletResponse) throws javax.servlet.ServletException,java.io.IOException
2019-12-09 13:42:50 - Mapped "{[/dump || /dump.json],methods=[GET],produces=[application/json]}" onto public java.lang.Object org.springframework.boot.actuate.endpoint.mvc.EndpointMvcAdapter.invoke()
2019-12-09 13:42:50 - Mapped "{[/heapdump || /heapdump.json],methods=[GET],produces=[application/octet-stream]}" onto public void org.springframework.boot.actuate.endpoint.mvc.HeapdumpMvcEndpoint.invoke(boolean,javax.servlet.http.HttpServletRequest,javax.servlet.http.HttpServletResponse) throws java.io.IOException,javax.servlet.ServletException
2019-12-09 13:42:50 - Mapped "{[/info || /info.json],methods=[GET],produces=[application/json]}" onto public java.lang.Object org.springframework.boot.actuate.endpoint.mvc.EndpointMvcAdapter.invoke()
2019-12-09 13:42:50 - Mapped "{[/trace || /trace.json],methods=[GET],produces=[application/json]}" onto public java.lang.Object org.springframework.boot.actuate.endpoint.mvc.EndpointMvcAdapter.invoke()
2019-12-09 13:42:50 - Mapped "{[/configprops || /configprops.json],methods=[GET],produces=[application/json]}" onto public java.lang.Object org.springframework.boot.actuate.endpoint.mvc.EndpointMvcAdapter.invoke()
2019-12-09 13:42:50 - Mapped "{[/autoconfig || /autoconfig.json],methods=[GET],produces=[application/json]}" onto public java.lang.Object org.springframework.boot.actuate.endpoint.mvc.EndpointMvcAdapter.invoke()
2019-12-09 13:42:51 - Registering beans for JMX exposure on startup
2019-12-09 13:42:51 - Registering beans for JMX exposure on startup
2019-12-09 13:42:51 - Starting beans in phase 0
2019-12-09 13:42:51 - Located managed bean 'requestMappingEndpoint': registering with JMX server as MBean [org.springframework.boot:type=Endpoint,name=requestMappingEndpoint]
2019-12-09 13:42:51 - Located managed bean 'environmentEndpoint': registering with JMX server as MBean [org.springframework.boot:type=Endpoint,name=environmentEndpoint]
2019-12-09 13:42:51 - Located managed bean 'healthEndpoint': registering with JMX server as MBean [org.springframework.boot:type=Endpoint,name=healthEndpoint]
2019-12-09 13:42:51 - Located managed bean 'beansEndpoint': registering with JMX server as MBean [org.springframework.boot:type=Endpoint,name=beansEndpoint]
2019-12-09 13:42:51 - Located managed bean 'infoEndpoint': registering with JMX server as MBean [org.springframework.boot:type=Endpoint,name=infoEndpoint]
2019-12-09 13:42:51 - Located managed bean 'metricsEndpoint': registering with JMX server as MBean [org.springframework.boot:type=Endpoint,name=metricsEndpoint]
2019-12-09 13:42:51 - Located managed bean 'traceEndpoint': registering with JMX server as MBean [org.springframework.boot:type=Endpoint,name=traceEndpoint]
2019-12-09 13:42:51 - Located managed bean 'dumpEndpoint': registering with JMX server as MBean [org.springframework.boot:type=Endpoint,name=dumpEndpoint]
2019-12-09 13:42:51 - Located managed bean 'autoConfigurationReportEndpoint': registering with JMX server as MBean [org.springframework.boot:type=Endpoint,name=autoConfigurationReportEndpoint]
2019-12-09 13:42:51 - Located managed bean 'configurationPropertiesReportEndpoint': registering with JMX server as MBean [org.springframework.boot:type=Endpoint,name=configurationPropertiesReportEndpoint]
2019-12-09 13:42:51 - Initializing ProtocolHandler ["http-nio-8680"]
2019-12-09 13:42:51 - Starting ProtocolHandler [http-nio-8680]
2019-12-09 13:42:51 - Using a shared selector for servlet write/read
2019-12-09 13:42:51 - Tomcat started on port(s): 8680 (http)
2019-12-09 13:42:51 - Started AppraisalcompanyApplication in 32.022 seconds (JVM running for 37.254)
2019-12-09 13:45:25 - Initializing Spring FrameworkServlet 'dispatcherServlet'
2019-12-09 13:45:25 - FrameworkServlet 'dispatcherServlet': initialization started
2019-12-09 13:45:25 - FrameworkServlet 'dispatcherServlet': initialization completed in 147 ms
2019-12-09 13:45:27 - Servlet.service() for servlet [dispatcherServlet] in context with path [] threw exception [Request processing failed; nested exception is com.williams.appraisalcompany.exception.ConflictException: User with this email already exists] with root cause
com.williams.appraisalcompany.exception.ConflictException: User with this email already exists
	at com.williams.appraisalcompany.Service.UserService.verifyEmailIsUnique(UserService.java:225)
	at com.williams.appraisalcompany.Service.UserService.validateUserForCreation(UserService.java:197)
	at com.williams.appraisalcompany.Service.UserService.createUser(UserService.java:50)
	at com.williams.appraisalcompany.Service.facade.AccountFacade.createUser(AccountFacade.java:53)
	at com.williams.appraisalcompany.Controller.UserController.toCreateUser(UserController.java:40)
	at com.williams.appraisalcompany.Controller.UserController$$FastClassBySpringCGLIB$$b5184714.invoke(<generated>)
	at org.springframework.cglib.proxy.MethodProxy.invoke(MethodProxy.java:204)
	at org.springframework.aop.framework.CglibAopProxy$CglibMethodInvocation.invokeJoinpoint(CglibAopProxy.java:721)
	at org.springframework.aop.framework.ReflectiveMethodInvocation.proceed(ReflectiveMethodInvocation.java:157)
	at org.springframework.transaction.interceptor.TransactionInterceptor$1.proceedWithInvocation(TransactionInterceptor.java:99)
	at org.springframework.transaction.interceptor.TransactionAspectSupport.invokeWithinTransaction(TransactionAspectSupport.java:282)
	at org.springframework.transaction.interceptor.TransactionInterceptor.invoke(TransactionInterceptor.java:96)
	at org.springframework.aop.framework.ReflectiveMethodInvocation.proceed(ReflectiveMethodInvocation.java:179)
	at org.springframework.aop.framework.CglibAopProxy$DynamicAdvisedInterceptor.intercept(CglibAopProxy.java:656)
	at com.williams.appraisalcompany.Controller.UserController$$EnhancerBySpringCGLIB$$fd4930b7.toCreateUser(<generated>)
	at sun.reflect.NativeMethodAccessorImpl.invoke0(Native Method)
	at sun.reflect.NativeMethodAccessorImpl.invoke(NativeMethodAccessorImpl.java:62)
	at sun.reflect.DelegatingMethodAccessorImpl.invoke(DelegatingMethodAccessorImpl.java:43)
	at java.lang.reflect.Method.invoke(Method.java:498)
	at org.springframework.web.method.support.InvocableHandlerMethod.doInvoke(InvocableHandlerMethod.java:220)
	at org.springframework.web.method.support.InvocableHandlerMethod.invokeForRequest(InvocableHandlerMethod.java:134)
	at org.springframework.web.servlet.mvc.method.annotation.ServletInvocableHandlerMethod.invokeAndHandle(ServletInvocableHandlerMethod.java:116)
	at org.springframework.web.servlet.mvc.method.annotation.RequestMappingHandlerAdapter.invokeHandlerMethod(RequestMappingHandlerAdapter.java:827)
	at org.springframework.web.servlet.mvc.method.annotation.RequestMappingHandlerAdapter.handleInternal(RequestMappingHandlerAdapter.java:738)
	at org.springframework.web.servlet.mvc.method.AbstractHandlerMethodAdapter.handle(AbstractHandlerMethodAdapter.java:85)
	at org.springframework.web.servlet.DispatcherServlet.doDispatch(DispatcherServlet.java:963)
	at org.springframework.web.servlet.DispatcherServlet.doService(DispatcherServlet.java:897)
	at org.springframework.web.servlet.FrameworkServlet.processRequest(FrameworkServlet.java:970)
	at org.springframework.web.servlet.FrameworkServlet.doPost(FrameworkServlet.java:872)
	at javax.servlet.http.HttpServlet.service(HttpServlet.java:648)
	at org.springframework.web.servlet.FrameworkServlet.service(FrameworkServlet.java:846)
	at javax.servlet.http.HttpServlet.service(HttpServlet.java:729)
	at org.apache.catalina.core.ApplicationFilterChain.internalDoFilter(ApplicationFilterChain.java:230)
	at org.apache.catalina.core.ApplicationFilterChain.doFilter(ApplicationFilterChain.java:165)
	at org.apache.tomcat.websocket.server.WsFilter.doFilter(WsFilter.java:52)
	at org.apache.catalina.core.ApplicationFilterChain.internalDoFilter(ApplicationFilterChain.java:192)
	at org.apache.catalina.core.ApplicationFilterChain.doFilter(ApplicationFilterChain.java:165)
	at org.springframework.boot.web.filter.ApplicationContextHeaderFilter.doFilterInternal(ApplicationContextHeaderFilter.java:55)
	at org.springframework.web.filter.OncePerRequestFilter.doFilter(OncePerRequestFilter.java:107)
	at org.apache.catalina.core.ApplicationFilterChain.internalDoFilter(ApplicationFilterChain.java:192)
	at org.apache.catalina.core.ApplicationFilterChain.doFilter(ApplicationFilterChain.java:165)
	at org.springframework.boot.actuate.trace.WebRequestTraceFilter.doFilterInternal(WebRequestTraceFilter.java:105)
	at org.springframework.web.filter.OncePerRequestFilter.doFilter(OncePerRequestFilter.java:107)
	at org.apache.catalina.core.ApplicationFilterChain.internalDoFilter(ApplicationFilterChain.java:192)
	at org.apache.catalina.core.ApplicationFilterChain.doFilter(ApplicationFilterChain.java:165)
	at org.springframework.security.web.FilterChainProxy$VirtualFilterChain.doFilter(FilterChainProxy.java:317)
	at org.springframework.security.web.access.intercept.FilterSecurityInterceptor.invoke(FilterSecurityInterceptor.java:127)
	at org.springframework.security.web.access.intercept.FilterSecurityInterceptor.doFilter(FilterSecurityInterceptor.java:91)
	at org.springframework.security.web.FilterChainProxy$VirtualFilterChain.doFilter(FilterChainProxy.java:331)
	at org.springframework.security.web.access.ExceptionTranslationFilter.doFilter(ExceptionTranslationFilter.java:115)
	at org.springframework.security.web.FilterChainProxy$VirtualFilterChain.doFilter(FilterChainProxy.java:331)
	at org.springframework.security.web.session.SessionManagementFilter.doFilter(SessionManagementFilter.java:137)
	at org.springframework.security.web.FilterChainProxy$VirtualFilterChain.doFilter(FilterChainProxy.java:331)
	at org.springframework.security.web.authentication.AnonymousAuthenticationFilter.doFilter(AnonymousAuthenticationFilter.java:111)
	at org.springframework.security.web.FilterChainProxy$VirtualFilterChain.doFilter(FilterChainProxy.java:331)
	at org.springframework.security.web.servletapi.SecurityContextHolderAwareRequestFilter.doFilter(SecurityContextHolderAwareRequestFilter.java:169)
	at org.springframework.security.web.FilterChainProxy$VirtualFilterChain.doFilter(FilterChainProxy.java:331)
	at org.springframework.security.web.savedrequest.RequestCacheAwareFilter.doFilter(RequestCacheAwareFilter.java:63)
	at org.springframework.security.web.FilterChainProxy$VirtualFilterChain.doFilter(FilterChainProxy.java:331)
	at org.springframework.security.web.authentication.logout.LogoutFilter.doFilter(LogoutFilter.java:121)
	at org.springframework.security.web.FilterChainProxy$VirtualFilterChain.doFilter(FilterChainProxy.java:331)
	at org.springframework.security.web.header.HeaderWriterFilter.doFilterInternal(HeaderWriterFilter.java:66)
	at org.springframework.web.filter.OncePerRequestFilter.doFilter(OncePerRequestFilter.java:107)
	at org.springframework.security.web.FilterChainProxy$VirtualFilterChain.doFilter(FilterChainProxy.java:331)
	at org.springframework.security.web.context.SecurityContextPersistenceFilter.doFilter(SecurityContextPersistenceFilter.java:105)
	at org.springframework.security.web.FilterChainProxy$VirtualFilterChain.doFilter(FilterChainProxy.java:331)
	at org.springframework.security.web.context.request.async.WebAsyncManagerIntegrationFilter.doFilterInternal(WebAsyncManagerIntegrationFilter.java:56)
	at org.springframework.web.filter.OncePerRequestFilter.doFilter(OncePerRequestFilter.java:107)
	at org.springframework.security.web.FilterChainProxy$VirtualFilterChain.doFilter(FilterChainProxy.java:331)
	at org.springframework.security.web.FilterChainProxy.doFilterInternal(FilterChainProxy.java:214)
	at org.springframework.security.web.FilterChainProxy.doFilter(FilterChainProxy.java:177)
	at org.springframework.web.filter.DelegatingFilterProxy.invokeDelegate(DelegatingFilterProxy.java:346)
	at org.springframework.web.filter.DelegatingFilterProxy.doFilter(DelegatingFilterProxy.java:262)
	at org.apache.catalina.core.ApplicationFilterChain.internalDoFilter(ApplicationFilterChain.java:192)
	at org.apache.catalina.core.ApplicationFilterChain.doFilter(ApplicationFilterChain.java:165)
	at org.springframework.web.filter.RequestContextFilter.doFilterInternal(RequestContextFilter.java:99)
	at org.springframework.web.filter.OncePerRequestFilter.doFilter(OncePerRequestFilter.java:107)
	at org.apache.catalina.core.ApplicationFilterChain.internalDoFilter(ApplicationFilterChain.java:192)
	at org.apache.catalina.core.ApplicationFilterChain.doFilter(ApplicationFilterChain.java:165)
	at org.springframework.web.filter.HttpPutFormContentFilter.doFilterInternal(HttpPutFormContentFilter.java:89)
	at org.springframework.web.filter.OncePerRequestFilter.doFilter(OncePerRequestFilter.java:107)
	at org.apache.catalina.core.ApplicationFilterChain.internalDoFilter(ApplicationFilterChain.java:192)
	at org.apache.catalina.core.ApplicationFilterChain.doFilter(ApplicationFilterChain.java:165)
	at org.springframework.web.filter.HiddenHttpMethodFilter.doFilterInternal(HiddenHttpMethodFilter.java:77)
	at org.springframework.web.filter.OncePerRequestFilter.doFilter(OncePerRequestFilter.java:107)
	at org.apache.catalina.core.ApplicationFilterChain.internalDoFilter(ApplicationFilterChain.java:192)
	at org.apache.catalina.core.ApplicationFilterChain.doFilter(ApplicationFilterChain.java:165)
	at org.springframework.web.filter.CharacterEncodingFilter.doFilterInternal(CharacterEncodingFilter.java:197)
	at org.springframework.web.filter.OncePerRequestFilter.doFilter(OncePerRequestFilter.java:107)
	at org.apache.catalina.core.ApplicationFilterChain.internalDoFilter(ApplicationFilterChain.java:192)
	at org.apache.catalina.core.ApplicationFilterChain.doFilter(ApplicationFilterChain.java:165)
	at org.springframework.boot.actuate.autoconfigure.MetricsFilter.doFilterInternal(MetricsFilter.java:106)
	at org.springframework.web.filter.OncePerRequestFilter.doFilter(OncePerRequestFilter.java:107)
	at org.apache.catalina.core.ApplicationFilterChain.internalDoFilter(ApplicationFilterChain.java:192)
	at org.apache.catalina.core.ApplicationFilterChain.doFilter(ApplicationFilterChain.java:165)
	at org.apache.catalina.core.StandardWrapperValve.invoke(StandardWrapperValve.java:198)
	at org.apache.catalina.core.StandardContextValve.invoke(StandardContextValve.java:108)
	at org.apache.catalina.authenticator.AuthenticatorBase.invoke(AuthenticatorBase.java:472)
	at org.apache.catalina.core.StandardHostValve.invoke(StandardHostValve.java:140)
	at org.apache.catalina.valves.ErrorReportValve.invoke(ErrorReportValve.java:79)
	at org.apache.catalina.core.StandardEngineValve.invoke(StandardEngineValve.java:87)
	at org.apache.catalina.connector.CoyoteAdapter.service(CoyoteAdapter.java:349)
	at org.apache.coyote.http11.Http11Processor.service(Http11Processor.java:784)
	at org.apache.coyote.AbstractProcessorLight.process(AbstractProcessorLight.java:66)
	at org.apache.coyote.AbstractProtocol$ConnectionHandler.process(AbstractProtocol.java:802)
	at org.apache.tomcat.util.net.NioEndpoint$SocketProcessor.doRun(NioEndpoint.java:1410)
	at org.apache.tomcat.util.net.SocketProcessorBase.run(SocketProcessorBase.java:49)
	at java.util.concurrent.ThreadPoolExecutor.runWorker(ThreadPoolExecutor.java:1149)
	at java.util.concurrent.ThreadPoolExecutor$Worker.run(ThreadPoolExecutor.java:624)
	at org.apache.tomcat.util.threads.TaskThread$WrappingRunnable.run(TaskThread.java:61)
	at java.lang.Thread.run(Thread.java:748)
2019-12-09 13:46:12 - Servlet.service() for servlet [dispatcherServlet] in context with path [] threw exception [Request processing failed; nested exception is com.williams.appraisalcompany.exception.AuthenticationException: User not authenticated] with root cause
com.williams.appraisalcompany.exception.AuthenticationException: User not authenticated
	at com.williams.appraisalcompany.Service.UserService.authenticateUser(UserService.java:98)
	at com.williams.appraisalcompany.Service.facade.AccountFacade.authenticateUser(AccountFacade.java:89)
	at com.williams.appraisalcompany.Controller.UserController.authenticate(UserController.java:73)
	at com.williams.appraisalcompany.Controller.UserController$$FastClassBySpringCGLIB$$b5184714.invoke(<generated>)
	at org.springframework.cglib.proxy.MethodProxy.invoke(MethodProxy.java:204)
	at org.springframework.aop.framework.CglibAopProxy$DynamicAdvisedInterceptor.intercept(CglibAopProxy.java:652)
	at com.williams.appraisalcompany.Controller.UserController$$EnhancerBySpringCGLIB$$fd4930b7.authenticate(<generated>)
	at sun.reflect.NativeMethodAccessorImpl.invoke0(Native Method)
	at sun.reflect.NativeMethodAccessorImpl.invoke(NativeMethodAccessorImpl.java:62)
	at sun.reflect.DelegatingMethodAccessorImpl.invoke(DelegatingMethodAccessorImpl.java:43)
	at java.lang.reflect.Method.invoke(Method.java:498)
	at org.springframework.web.method.support.InvocableHandlerMethod.doInvoke(InvocableHandlerMethod.java:220)
	at org.springframework.web.method.support.InvocableHandlerMethod.invokeForRequest(InvocableHandlerMethod.java:134)
	at org.springframework.web.servlet.mvc.method.annotation.ServletInvocableHandlerMethod.invokeAndHandle(ServletInvocableHandlerMethod.java:116)
	at org.springframework.web.servlet.mvc.method.annotation.RequestMappingHandlerAdapter.invokeHandlerMethod(RequestMappingHandlerAdapter.java:827)
	at org.springframework.web.servlet.mvc.method.annotation.RequestMappingHandlerAdapter.handleInternal(RequestMappingHandlerAdapter.java:738)
	at org.springframework.web.servlet.mvc.method.AbstractHandlerMethodAdapter.handle(AbstractHandlerMethodAdapter.java:85)
	at org.springframework.web.servlet.DispatcherServlet.doDispatch(DispatcherServlet.java:963)
	at org.springframework.web.servlet.DispatcherServlet.doService(DispatcherServlet.java:897)
	at org.springframework.web.servlet.FrameworkServlet.processRequest(FrameworkServlet.java:970)
	at org.springframework.web.servlet.FrameworkServlet.doPost(FrameworkServlet.java:872)
	at javax.servlet.http.HttpServlet.service(HttpServlet.java:648)
	at org.springframework.web.servlet.FrameworkServlet.service(FrameworkServlet.java:846)
	at javax.servlet.http.HttpServlet.service(HttpServlet.java:729)
	at org.apache.catalina.core.ApplicationFilterChain.internalDoFilter(ApplicationFilterChain.java:230)
	at org.apache.catalina.core.ApplicationFilterChain.doFilter(ApplicationFilterChain.java:165)
	at org.apache.tomcat.websocket.server.WsFilter.doFilter(WsFilter.java:52)
	at org.apache.catalina.core.ApplicationFilterChain.internalDoFilter(ApplicationFilterChain.java:192)
	at org.apache.catalina.core.ApplicationFilterChain.doFilter(ApplicationFilterChain.java:165)
	at org.springframework.boot.web.filter.ApplicationContextHeaderFilter.doFilterInternal(ApplicationContextHeaderFilter.java:55)
	at org.springframework.web.filter.OncePerRequestFilter.doFilter(OncePerRequestFilter.java:107)
	at org.apache.catalina.core.ApplicationFilterChain.internalDoFilter(ApplicationFilterChain.java:192)
	at org.apache.catalina.core.ApplicationFilterChain.doFilter(ApplicationFilterChain.java:165)
	at org.springframework.boot.actuate.trace.WebRequestTraceFilter.doFilterInternal(WebRequestTraceFilter.java:105)
	at org.springframework.web.filter.OncePerRequestFilter.doFilter(OncePerRequestFilter.java:107)
	at org.apache.catalina.core.ApplicationFilterChain.internalDoFilter(ApplicationFilterChain.java:192)
	at org.apache.catalina.core.ApplicationFilterChain.doFilter(ApplicationFilterChain.java:165)
	at org.springframework.security.web.FilterChainProxy$VirtualFilterChain.doFilter(FilterChainProxy.java:317)
	at org.springframework.security.web.access.intercept.FilterSecurityInterceptor.invoke(FilterSecurityInterceptor.java:127)
	at org.springframework.security.web.access.intercept.FilterSecurityInterceptor.doFilter(FilterSecurityInterceptor.java:91)
	at org.springframework.security.web.FilterChainProxy$VirtualFilterChain.doFilter(FilterChainProxy.java:331)
	at org.springframework.security.web.access.ExceptionTranslationFilter.doFilter(ExceptionTranslationFilter.java:115)
	at org.springframework.security.web.FilterChainProxy$VirtualFilterChain.doFilter(FilterChainProxy.java:331)
	at org.springframework.security.web.session.SessionManagementFilter.doFilter(SessionManagementFilter.java:137)
	at org.springframework.security.web.FilterChainProxy$VirtualFilterChain.doFilter(FilterChainProxy.java:331)
	at org.springframework.security.web.authentication.AnonymousAuthenticationFilter.doFilter(AnonymousAuthenticationFilter.java:111)
	at org.springframework.security.web.FilterChainProxy$VirtualFilterChain.doFilter(FilterChainProxy.java:331)
	at org.springframework.security.web.servletapi.SecurityContextHolderAwareRequestFilter.doFilter(SecurityContextHolderAwareRequestFilter.java:169)
	at org.springframework.security.web.FilterChainProxy$VirtualFilterChain.doFilter(FilterChainProxy.java:331)
	at org.springframework.security.web.savedrequest.RequestCacheAwareFilter.doFilter(RequestCacheAwareFilter.java:63)
	at org.springframework.security.web.FilterChainProxy$VirtualFilterChain.doFilter(FilterChainProxy.java:331)
	at org.springframework.security.web.authentication.logout.LogoutFilter.doFilter(LogoutFilter.java:121)
	at org.springframework.security.web.FilterChainProxy$VirtualFilterChain.doFilter(FilterChainProxy.java:331)
	at org.springframework.security.web.header.HeaderWriterFilter.doFilterInternal(HeaderWriterFilter.java:66)
	at org.springframework.web.filter.OncePerRequestFilter.doFilter(OncePerRequestFilter.java:107)
	at org.springframework.security.web.FilterChainProxy$VirtualFilterChain.doFilter(FilterChainProxy.java:331)
	at org.springframework.security.web.context.SecurityContextPersistenceFilter.doFilter(SecurityContextPersistenceFilter.java:105)
	at org.springframework.security.web.FilterChainProxy$VirtualFilterChain.doFilter(FilterChainProxy.java:331)
	at org.springframework.security.web.context.request.async.WebAsyncManagerIntegrationFilter.doFilterInternal(WebAsyncManagerIntegrationFilter.java:56)
	at org.springframework.web.filter.OncePerRequestFilter.doFilter(OncePerRequestFilter.java:107)
	at org.springframework.security.web.FilterChainProxy$VirtualFilterChain.doFilter(FilterChainProxy.java:331)
	at org.springframework.security.web.FilterChainProxy.doFilterInternal(FilterChainProxy.java:214)
	at org.springframework.security.web.FilterChainProxy.doFilter(FilterChainProxy.java:177)
	at org.springframework.web.filter.DelegatingFilterProxy.invokeDelegate(DelegatingFilterProxy.java:346)
	at org.springframework.web.filter.DelegatingFilterProxy.doFilter(DelegatingFilterProxy.java:262)
	at org.apache.catalina.core.ApplicationFilterChain.internalDoFilter(ApplicationFilterChain.java:192)
	at org.apache.catalina.core.ApplicationFilterChain.doFilter(ApplicationFilterChain.java:165)
	at org.springframework.web.filter.RequestContextFilter.doFilterInternal(RequestContextFilter.java:99)
	at org.springframework.web.filter.OncePerRequestFilter.doFilter(OncePerRequestFilter.java:107)
	at org.apache.catalina.core.ApplicationFilterChain.internalDoFilter(ApplicationFilterChain.java:192)
	at org.apache.catalina.core.ApplicationFilterChain.doFilter(ApplicationFilterChain.java:165)
	at org.springframework.web.filter.HttpPutFormContentFilter.doFilterInternal(HttpPutFormContentFilter.java:89)
	at org.springframework.web.filter.OncePerRequestFilter.doFilter(OncePerRequestFilter.java:107)
	at org.apache.catalina.core.ApplicationFilterChain.internalDoFilter(ApplicationFilterChain.java:192)
	at org.apache.catalina.core.ApplicationFilterChain.doFilter(ApplicationFilterChain.java:165)
	at org.springframework.web.filter.HiddenHttpMethodFilter.doFilterInternal(HiddenHttpMethodFilter.java:77)
	at org.springframework.web.filter.OncePerRequestFilter.doFilter(OncePerRequestFilter.java:107)
	at org.apache.catalina.core.ApplicationFilterChain.internalDoFilter(ApplicationFilterChain.java:192)
	at org.apache.catalina.core.ApplicationFilterChain.doFilter(ApplicationFilterChain.java:165)
	at org.springframework.web.filter.CharacterEncodingFilter.doFilterInternal(CharacterEncodingFilter.java:197)
	at org.springframework.web.filter.OncePerRequestFilter.doFilter(OncePerRequestFilter.java:107)
	at org.apache.catalina.core.ApplicationFilterChain.internalDoFilter(ApplicationFilterChain.java:192)
	at org.apache.catalina.core.ApplicationFilterChain.doFilter(ApplicationFilterChain.java:165)
	at org.springframework.boot.actuate.autoconfigure.MetricsFilter.doFilterInternal(MetricsFilter.java:106)
	at org.springframework.web.filter.OncePerRequestFilter.doFilter(OncePerRequestFilter.java:107)
	at org.apache.catalina.core.ApplicationFilterChain.internalDoFilter(ApplicationFilterChain.java:192)
	at org.apache.catalina.core.ApplicationFilterChain.doFilter(ApplicationFilterChain.java:165)
	at org.apache.catalina.core.StandardWrapperValve.invoke(StandardWrapperValve.java:198)
	at org.apache.catalina.core.StandardContextValve.invoke(StandardContextValve.java:108)
	at org.apache.catalina.authenticator.AuthenticatorBase.invoke(AuthenticatorBase.java:472)
	at org.apache.catalina.core.StandardHostValve.invoke(StandardHostValve.java:140)
	at org.apache.catalina.valves.ErrorReportValve.invoke(ErrorReportValve.java:79)
	at org.apache.catalina.core.StandardEngineValve.invoke(StandardEngineValve.java:87)
	at org.apache.catalina.connector.CoyoteAdapter.service(CoyoteAdapter.java:349)
	at org.apache.coyote.http11.Http11Processor.service(Http11Processor.java:784)
	at org.apache.coyote.AbstractProcessorLight.process(AbstractProcessorLight.java:66)
	at org.apache.coyote.AbstractProtocol$ConnectionHandler.process(AbstractProtocol.java:802)
	at org.apache.tomcat.util.net.NioEndpoint$SocketProcessor.doRun(NioEndpoint.java:1410)
	at org.apache.tomcat.util.net.SocketProcessorBase.run(SocketProcessorBase.java:49)
	at java.util.concurrent.ThreadPoolExecutor.runWorker(ThreadPoolExecutor.java:1149)
	at java.util.concurrent.ThreadPoolExecutor$Worker.run(ThreadPoolExecutor.java:624)
	at org.apache.tomcat.util.threads.TaskThread$WrappingRunnable.run(TaskThread.java:61)
	at java.lang.Thread.run(Thread.java:748)
